<?xml version="1.0" encoding="UTF-8"?>
<!-- Generated by org.testng.reporters.JUnitXMLReporter -->
<testsuite ignored="0" hostname="DESKTOP-23DJ7T0" failures="0" tests="8" name="CarsAndBikes" time="50.766" errors="0" timestamp="2023-01-03T13:05:34 IST">
  <testcase classname="PracticeTestNG2.TC_Cars_020" name="TC_Cars_02" time="6.167"/>
  <testcase classname="PracticeTestNG2.TC_Cars_021" name="TC_Cars_21" time="3.006"/>
  <testcase classname="PracticeTestNG2.TC_Cars_022" name="TC_Cars_22" time="7.782"/>
  <testcase classname="PracticeTestNG2.TC_Cars_023" name="TC_Cars_23" time="4.534"/>
  <testcase classname="PracticeTestNG1.TC_bikes_010" name="TC_bikes_01" time="5.73"/>
  <testcase classname="PracticeTestNG1.TC_bikes_011" name="TC_bikes_11" time="12.115"/>
  <testcase classname="PracticeTestNG1.TC_bikes_012" name="TC_bikes_12" time="4.654"/>
  <testcase classname="PracticeTestNG1.TC_bikes_013" name="TC_bikes_13" time="6.699"/>
</testsuite> <!-- CarsAndBikes -->
