<?xml version="1.0" encoding="UTF-8"?>
<!-- Generated by org.testng.reporters.JUnitReportReporter -->
<testsuite hostname="DESKTOP-23DJ7T0" failures="0" tests="4" name="PracticeOfTestNG.Demo1" time="19.431" errors="0" timestamp="2023-01-02T17:08:22 IST" skipped="0">
  <testcase classname="PracticeOfTestNG.Demo1" name="RegisterAccount" time="3.360"/>
  <system-out>
Firelawn  </system-out>
  <testcase classname="PracticeOfTestNG.Demo1" name="DeleteAccount" time="3.832"/>
  <system-out>
Everything delivered in minutes | blinkit  </system-out>
  <testcase classname="PracticeOfTestNG.Demo1" name="modifyAccount" time="3.819"/>
  <system-out>
Zomato  </system-out>
  <testcase classname="PracticeOfTestNG.Demo1" name="createAccount" time="8.420"/>
  <system-out>
FireFlink – Test Automation. Redefined.  </system-out>
</testsuite> <!-- PracticeOfTestNG.Demo1 -->
