<?xml version="1.0" encoding="UTF-8"?>
<!-- Generated by org.testng.reporters.JUnitReportReporter -->
<testsuite hostname="DESKTOP-23DJ7T0" failures="0" tests="1" name="PracticeTestNG2.TC_Cars_022" time="44.018" errors="0" timestamp="2023-01-10T11:47:54 IST" skipped="0">
  <testcase classname="PracticeTestNG2.TC_Cars_022" name="TC_Cars_22" time="44.018"/>
  <system-out>
Maruti Suzuki Cars in India – ARENA, NEXA, TRUE VALUE and COMMERCIAL channels  </system-out>
</testsuite> <!-- PracticeTestNG2.TC_Cars_022 -->
