<?xml version="1.0" encoding="UTF-8"?>
<!-- Generated by org.testng.reporters.JUnitXMLReporter -->
<testsuite ignored="0" hostname="DESKTOP-23DJ7T0" failures="0" tests="4" name="Bikes" time="46.645" errors="0" timestamp="2023-01-03T14:55:10 IST">
  <testcase classname="PracticeTestNG1.TC_bikes_012" name="TC_bikes_12" time="45.713"/>
  <testcase classname="PracticeTestNG1.TC_bikes_011" name="TC_bikes_11" time="45.996"/>
  <testcase classname="PracticeTestNG1.TC_bikes_013" name="TC_bikes_13" time="46.26"/>
  <testcase classname="PracticeTestNG1.TC_bikes_010" name="TC_bikes_01" time="46.595"/>
</testsuite> <!-- Bikes -->
