<?xml version="1.0" encoding="UTF-8"?>
<!-- Generated by org.testng.reporters.JUnitXMLReporter -->
<testsuite ignored="0" hostname="DESKTOP-23DJ7T0" failures="0" tests="8" name="ChromeTest" time="144.501" errors="0" timestamp="2023-01-10T17:57:16 IST">
  <testcase classname="Crossrowser.TC_bikes_010" name="TC_bikes_01" time="14.89"/>
  <testcase classname="Crossrowser.TC_bikes_011" name="TC_bikes_11" time="18.426"/>
  <testcase classname="Crossrowser.TC_bikes_012" name="TC_bikes_12" time="13.448"/>
  <testcase classname="Crossrowser.TC_bikes_013" name="TC_bikes_13" time="14.109"/>
  <testcase classname="Crossrowser.TC_Cars_020" name="TC_Cars_02" time="13.958"/>
  <testcase classname="Crossrowser.TC_Cars_021" name="TC_Cars_21" time="13.437"/>
  <testcase classname="Crossrowser.TC_Cars_022" name="TC_Cars_22" time="42.176"/>
  <testcase classname="Crossrowser.TC_Cars_023" name="TC_Cars_23" time="13.941"/>
</testsuite> <!-- ChromeTest -->
